<?xml version="1.0" encoding="UTF-8"?>
<testsuite xmlns:xsi="http://www.w3.org/2001/XMLSchema-instance" xsi:noNamespaceSchemaLocation="https://maven.apache.org/surefire/maven-surefire-plugin/xsd/surefire-test-report-3.0.xsd" version="3.0" name="com.otus.RunnerTest" time="237.334" tests="3" errors="2" skipped="0" failures="1">
  <properties>
[...]
</properties>
  <testcase name="Поиск указанного курса по названию курса" classname="Блок курсов" time="85.385">
    <error message="stale element reference: stale element not found in the current frame&#10;  (Session info: chrome=125.0.6422.113)&#10;For documentation on this error, please visit: https://www.selenium.dev/documentation/webdriver/troubleshooting/errors#stale-element-reference-exception&#10;Build info: version: &apos;4.16.1&apos;, revision: &apos;9b4c83354e&apos;&#10;System info: os.name: &apos;Mac OS X&apos;, os.arch: &apos;aarch64&apos;, os.version: &apos;13.5.2&apos;, java.version: &apos;21.0.1&apos;&#10;Driver info: org.openqa.selenium.chrome.ChromeDriver&#10;Command: [1ff53495cd6d620a0817181b30d38cd2, getElementText {id=f.B10BA3EDA16B65AAE0A395F739F36A42.d.9EF25D87CD890590069C9E20DB68EB90.e.64}]&#10;Capabilities {acceptInsecureCerts: false, browserName: chrome, browserVersion: 125.0.6422.113, chrome: {chromedriverVersion: 125.0.6422.78 (14db42ec38ad..., userDataDir: /var/folders/l5/75v5vfns3xg...}, fedcm:accounts: true, goog:chromeOptions: {debuggerAddress: localhost:57969}, networkConnectionEnabled: false, pageLoadStrategy: normal, platformName: mac, proxy: Proxy(), se:cdp: ws://localhost:57969/devtoo..., se:cdpVersion: 125.0.6422.113, setWindowRect: true, strictFileInteractability: false, timeouts: {implicit: 0, pageLoad: 300000, script: 30000}, unhandledPromptBehavior: dismiss and notify, webauthn:extension:credBlob: true, webauthn:extension:largeBlob: true, webauthn:extension:minPinLength: true, webauthn:extension:prf: true, webauthn:virtualAuthenticators: true}&#10;Element: [[ChromeDriver: chrome on mac (1ff53495cd6d620a0817181b30d38cd2)] -&gt; xpath: //section//div[not(@style)]/a[contains(@href, &apos;/lessons/&apos;)][.//h6]]&#10;Session ID: 1ff53495cd6d620a0817181b30d38cd2" type="org.openqa.selenium.StaleElementReferenceException"><![CDATA[org.openqa.selenium.StaleElementReferenceException: 
stale element reference: stale element not found in the current frame
  (Session info: chrome=125.0.6422.113)
For documentation on this error, please visit: https://www.selenium.dev/documentation/webdriver/troubleshooting/errors#stale-element-reference-exception
Build info: version: '4.16.1', revision: '9b4c83354e'
System info: os.name: 'Mac OS X', os.arch: 'aarch64', os.version: '13.5.2', java.version: '21.0.1'
Driver info: org.openqa.selenium.chrome.ChromeDriver
Command: [1ff53495cd6d620a0817181b30d38cd2, getElementText {id=f.B10BA3EDA16B65AAE0A395F739F36A42.d.9EF25D87CD890590069C9E20DB68EB90.e.64}]
Capabilities {acceptInsecureCerts: false, browserName: chrome, browserVersion: 125.0.6422.113, chrome: {chromedriverVersion: 125.0.6422.78 (14db42ec38ad..., userDataDir: /var/folders/l5/75v5vfns3xg...}, fedcm:accounts: true, goog:chromeOptions: {debuggerAddress: localhost:57969}, networkConnectionEnabled: false, pageLoadStrategy: normal, platformName: mac, proxy: Proxy(), se:cdp: ws://localhost:57969/devtoo..., se:cdpVersion: 125.0.6422.113, setWindowRect: true, strictFileInteractability: false, timeouts: {implicit: 0, pageLoad: 300000, script: 30000}, unhandledPromptBehavior: dismiss and notify, webauthn:extension:credBlob: true, webauthn:extension:largeBlob: true, webauthn:extension:minPinLength: true, webauthn:extension:prf: true, webauthn:virtualAuthenticators: true}
Element: [[ChromeDriver: chrome on mac (1ff53495cd6d620a0817181b30d38cd2)] -> xpath: //section//div[not(@style)]/a[contains(@href, '/lessons/')][.//h6]]
Session ID: 1ff53495cd6d620a0817181b30d38cd2
	at java.base/java.lang.reflect.Constructor.newInstanceWithCaller(Constructor.java:502)
	at java.base/java.lang.reflect.Constructor.newInstance(Constructor.java:486)
	at org.openqa.selenium.remote.codec.w3c.W3CHttpResponseCodec.createException(W3CHttpResponseCodec.java:200)
	at org.openqa.selenium.remote.codec.w3c.W3CHttpResponseCodec.decode(W3CHttpResponseCodec.java:133)
	at org.openqa.selenium.remote.codec.w3c.W3CHttpResponseCodec.decode(W3CHttpResponseCodec.java:52)
	at org.openqa.selenium.remote.HttpCommandExecutor.execute(HttpCommandExecutor.java:191)
	at org.openqa.selenium.remote.service.DriverCommandExecutor.invokeExecute(DriverCommandExecutor.java:200)
	at org.openqa.selenium.remote.service.DriverCommandExecutor.execute(DriverCommandExecutor.java:175)
	at org.openqa.selenium.remote.RemoteWebDriver.execute(RemoteWebDriver.java:523)
	at org.openqa.selenium.remote.RemoteWebElement.execute(RemoteWebElement.java:224)
	at org.openqa.selenium.remote.RemoteWebElement.getText(RemoteWebElement.java:192)
	at java.base/java.lang.reflect.Method.invoke(Method.java:580)
	at org.openqa.selenium.support.decorators.WebDriverDecorator.call(WebDriverDecorator.java:249)
	at org.openqa.selenium.support.decorators.DefaultDecorated.call(DefaultDecorated.java:48)
	at org.openqa.selenium.support.decorators.WebDriverDecorator.lambda$createProxy$2(WebDriverDecorator.java:321)
	at net.bytebuddy.renamed.java.lang.Object$ByteBuddy$9O9UKyoh.getText(Unknown Source)
	at com.otus.pages.CoursesPage.lambda$clickCourseByName$0(CoursesPage.java:40)
	at java.base/java.util.stream.ReferencePipeline$2$1.accept(ReferencePipeline.java:178)
	at java.base/java.util.ArrayList$ArrayListSpliterator.tryAdvance(ArrayList.java:1685)
	at java.base/java.util.stream.ReferencePipeline.forEachWithCancel(ReferencePipeline.java:129)
	at java.base/java.util.stream.AbstractPipeline.copyIntoWithCancel(AbstractPipeline.java:527)
	at java.base/java.util.stream.AbstractPipeline.copyInto(AbstractPipeline.java:513)
	at java.base/java.util.stream.AbstractPipeline.wrapAndCopyInto(AbstractPipeline.java:499)
	at java.base/java.util.stream.FindOps$FindOp.evaluateSequential(FindOps.java:150)
	at java.base/java.util.stream.AbstractPipeline.evaluate(AbstractPipeline.java:234)
	at java.base/java.util.stream.ReferencePipeline.findFirst(ReferencePipeline.java:647)
	at com.otus.pages.CoursesPage.clickCourseByName(CoursesPage.java:41)
	at com.otus.steps.pages.CoursePageSteps.clickCardCourseByName(CoursePageSteps.java:26)
	at ✽.Кликнуть по плитке курса по "названию" в каталоге курсов(classpath:com/otus/course_block.feature:8)
]]></error>
    <system-err><![CDATA[SLF4J(W): No SLF4J providers were found.
SLF4J(W): Defaulting to no-operation (NOP) logger implementation
SLF4J(W): See https://www.slf4j.org/codes.html#noProviders for further details.
мая 30, 2024 4:19:41 PM org.openqa.selenium.devtools.CdpVersionFinder findNearestMatch
WARNING: Unable to find CDP implementation matching 125
мая 30, 2024 4:19:41 PM org.openqa.selenium.chromium.ChromiumDriver lambda$new$5
WARNING: Unable to find version of CDP to use for 125.0.6422.113. You may need to include a dependency on a specific version of the CDP using something similar to `org.seleniumhq.selenium:selenium-devtools-v86:4.16.1` where the version ("v86") matches the version of the chromium-based browser you're using and the version number of the artifact is the same as Selenium's.
]]></system-err>
  </testcase>
  <testcase name="Проверка дат курсов" classname="Блок курсов" time="67.292">
    <error message="stale element reference: stale element not found in the current frame&#10;  (Session info: chrome=125.0.6422.113)&#10;For documentation on this error, please visit: https://www.selenium.dev/documentation/webdriver/troubleshooting/errors#stale-element-reference-exception&#10;Build info: version: &apos;4.16.1&apos;, revision: &apos;9b4c83354e&apos;&#10;System info: os.name: &apos;Mac OS X&apos;, os.arch: &apos;aarch64&apos;, os.version: &apos;13.5.2&apos;, java.version: &apos;21.0.1&apos;&#10;Driver info: org.openqa.selenium.chrome.ChromeDriver&#10;Command: [849c521dcf67bd83550779db9064bbfa, getElementText {id=f.6BE02F2E576AD4A8430B682F689E4124.d.1D2557A9E9F866A47881020FEA8F3B25.e.45}]&#10;Capabilities {acceptInsecureCerts: false, browserName: chrome, browserVersion: 125.0.6422.113, chrome: {chromedriverVersion: 125.0.6422.78 (14db42ec38ad..., userDataDir: /var/folders/l5/75v5vfns3xg...}, fedcm:accounts: true, goog:chromeOptions: {debuggerAddress: localhost:58306}, networkConnectionEnabled: false, pageLoadStrategy: normal, platformName: mac, proxy: Proxy(), se:cdp: ws://localhost:58306/devtoo..., se:cdpVersion: 125.0.6422.113, setWindowRect: true, strictFileInteractability: false, timeouts: {implicit: 0, pageLoad: 300000, script: 30000}, unhandledPromptBehavior: dismiss and notify, webauthn:extension:credBlob: true, webauthn:extension:largeBlob: true, webauthn:extension:minPinLength: true, webauthn:extension:prf: true, webauthn:virtualAuthenticators: true}&#10;Element: [[ChromeDriver: chrome on mac (849c521dcf67bd83550779db9064bbfa)] -&gt; xpath: //section//div[not(@style)]/a[contains(@href, &apos;/lessons/&apos;)]/h6/following-sibling::div/div/div]&#10;Session ID: 849c521dcf67bd83550779db9064bbfa" type="org.openqa.selenium.StaleElementReferenceException"><![CDATA[org.openqa.selenium.StaleElementReferenceException: 
stale element reference: stale element not found in the current frame
  (Session info: chrome=125.0.6422.113)
For documentation on this error, please visit: https://www.selenium.dev/documentation/webdriver/troubleshooting/errors#stale-element-reference-exception
Build info: version: '4.16.1', revision: '9b4c83354e'
System info: os.name: 'Mac OS X', os.arch: 'aarch64', os.version: '13.5.2', java.version: '21.0.1'
Driver info: org.openqa.selenium.chrome.ChromeDriver
Command: [849c521dcf67bd83550779db9064bbfa, getElementText {id=f.6BE02F2E576AD4A8430B682F689E4124.d.1D2557A9E9F866A47881020FEA8F3B25.e.45}]
Capabilities {acceptInsecureCerts: false, browserName: chrome, browserVersion: 125.0.6422.113, chrome: {chromedriverVersion: 125.0.6422.78 (14db42ec38ad..., userDataDir: /var/folders/l5/75v5vfns3xg...}, fedcm:accounts: true, goog:chromeOptions: {debuggerAddress: localhost:58306}, networkConnectionEnabled: false, pageLoadStrategy: normal, platformName: mac, proxy: Proxy(), se:cdp: ws://localhost:58306/devtoo..., se:cdpVersion: 125.0.6422.113, setWindowRect: true, strictFileInteractability: false, timeouts: {implicit: 0, pageLoad: 300000, script: 30000}, unhandledPromptBehavior: dismiss and notify, webauthn:extension:credBlob: true, webauthn:extension:largeBlob: true, webauthn:extension:minPinLength: true, webauthn:extension:prf: true, webauthn:virtualAuthenticators: true}
Element: [[ChromeDriver: chrome on mac (849c521dcf67bd83550779db9064bbfa)] -> xpath: //section//div[not(@style)]/a[contains(@href, '/lessons/')]/h6/following-sibling::div/div/div]
Session ID: 849c521dcf67bd83550779db9064bbfa
	at java.base/java.lang.reflect.Constructor.newInstanceWithCaller(Constructor.java:502)
	at java.base/java.lang.reflect.Constructor.newInstance(Constructor.java:486)
	at org.openqa.selenium.remote.codec.w3c.W3CHttpResponseCodec.createException(W3CHttpResponseCodec.java:200)
	at org.openqa.selenium.remote.codec.w3c.W3CHttpResponseCodec.decode(W3CHttpResponseCodec.java:133)
	at org.openqa.selenium.remote.codec.w3c.W3CHttpResponseCodec.decode(W3CHttpResponseCodec.java:52)
	at org.openqa.selenium.remote.HttpCommandExecutor.execute(HttpCommandExecutor.java:191)
	at org.openqa.selenium.remote.service.DriverCommandExecutor.invokeExecute(DriverCommandExecutor.java:200)
	at org.openqa.selenium.remote.service.DriverCommandExecutor.execute(DriverCommandExecutor.java:175)
	at org.openqa.selenium.remote.RemoteWebDriver.execute(RemoteWebDriver.java:523)
	at org.openqa.selenium.remote.RemoteWebElement.execute(RemoteWebElement.java:224)
	at org.openqa.selenium.remote.RemoteWebElement.getText(RemoteWebElement.java:192)
	at java.base/java.lang.reflect.Method.invoke(Method.java:580)
	at org.openqa.selenium.support.decorators.WebDriverDecorator.call(WebDriverDecorator.java:249)
	at org.openqa.selenium.support.decorators.DefaultDecorated.call(DefaultDecorated.java:48)
	at org.openqa.selenium.support.decorators.WebDriverDecorator.lambda$createProxy$2(WebDriverDecorator.java:321)
	at net.bytebuddy.renamed.java.lang.Object$ByteBuddy$miVutUa4.getText(Unknown Source)
	at com.otus.pages.CoursesPage.lambda$searchCoursesEarlierAndLater$2(CoursesPage.java:67)
	at java.base/java.util.stream.ReferencePipeline$3$1.accept(ReferencePipeline.java:197)
	at java.base/java.util.ArrayList$ArrayListSpliterator.forEachRemaining(ArrayList.java:1708)
	at java.base/java.util.stream.AbstractPipeline.copyInto(AbstractPipeline.java:509)
	at java.base/java.util.stream.AbstractPipeline.wrapAndCopyInto(AbstractPipeline.java:499)
	at java.base/java.util.stream.AbstractPipeline.evaluate(AbstractPipeline.java:575)
	at java.base/java.util.stream.AbstractPipeline.evaluateToArrayNode(AbstractPipeline.java:260)
	at java.base/java.util.stream.ReferencePipeline.toArray(ReferencePipeline.java:616)
	at java.base/java.util.stream.ReferencePipeline.toArray(ReferencePipeline.java:622)
	at java.base/java.util.stream.ReferencePipeline.toList(ReferencePipeline.java:627)
	at com.otus.pages.CoursesPage.searchCoursesEarlierAndLater(CoursesPage.java:70)
	at com.otus.pages.CoursesPage.assertTitleCardCourse(CoursesPage.java:95)
	at com.otus.steps.pages.CoursePageSteps.searchEarlyAndLaterCourse(CoursePageSteps.java:33)
	at ✽.Проверка названий самых ранних и самых поздних курсов(classpath:com/otus/course_block.feature:13)
]]></error>
    <system-err><![CDATA[мая 30, 2024 4:20:31 PM org.openqa.selenium.devtools.CdpVersionFinder findNearestMatch
WARNING: Unable to find CDP implementation matching 125
мая 30, 2024 4:20:31 PM org.openqa.selenium.chromium.ChromiumDriver lambda$new$5
WARNING: Unable to find version of CDP to use for 125.0.6422.113. You may need to include a dependency on a specific version of the CDP using something similar to `org.seleniumhq.selenium:selenium-devtools-v86:4.16.1` where the version ("v86") matches the version of the chromium-based browser you're using and the version number of the artifact is the same as Selenium's.
]]></system-err>
  </testcase>
  <testcase name="Переход из хедера в рандомный курс и проверка фильтров" classname="Главная страница" time="84.565">
    <failure message="expected: &lt;true&gt; but was: &lt;false&gt;" type="org.opentest4j.AssertionFailedError"><![CDATA[org.opentest4j.AssertionFailedError: expected: <true> but was: <false>
	at com.otus.pages.CoursesPage.checkStateCheckboxCategory(CoursesPage.java:49)
	at com.otus.steps.pages.MainPageSteps.checkFilterState(MainPageSteps.java:39)
	at ✽.Переход в каталог курсов с установленным фильтром по теме курса(classpath:com/otus/main_block.feature:8)
]]></failure>
    <system-out><![CDATA[expectedTileCategory = GameDev (11)
]]></system-out>
    <system-err><![CDATA[мая 30, 2024 4:21:38 PM org.openqa.selenium.devtools.CdpVersionFinder findNearestMatch
WARNING: Unable to find CDP implementation matching 125
мая 30, 2024 4:21:38 PM org.openqa.selenium.chromium.ChromiumDriver lambda$new$5
WARNING: Unable to find version of CDP to use for 125.0.6422.113. You may need to include a dependency on a specific version of the CDP using something similar to `org.seleniumhq.selenium:selenium-devtools-v86:4.16.1` where the version ("v86") matches the version of the chromium-based browser you're using and the version number of the artifact is the same as Selenium's.
]]></system-err>
  </testcase>
</testsuite>